
  .   ____          _            __ _ _
 /\\ / ___'_ __ _ _(_)_ __  __ _ \ \ \ \
( ( )\___ | '_ | '_| | '_ \/ _` | \ \ \ \
 \\/  ___)| |_)| | | | | || (_| |  ) ) ) )
  '  |____| .__|_| |_|_| |_\__, | / / / /
 =========|_|==============|___/=/_/_/_/
 :: Spring Boot ::        (v2.1.3.RELEASE)

2019-05-22 14:36:56.851  INFO 19682 --- [           main] com.main.server.ServerApplication        : Starting ServerApplication v0.0.1-SNAPSHOT with PID 19682 (/root/IOT/server/server-0.0.1-SNAPSHOT.jar started by root in /root/sh)
2019-05-22 14:36:56.853  INFO 19682 --- [           main] com.main.server.ServerApplication        : The following profiles are active: mybatisplus,shiro,dev
2019-05-22 14:36:59.345  INFO 19682 --- [           main] trationDelegate$BeanPostProcessorChecker : Bean 'shiroConfig' of type [com.main.server.config.ShiroConfig$$EnhancerBySpringCGLIB$$eb065aa3] is not eligible for getting processed by all BeanPostProcessors (for example: not eligible for auto-proxying)
2019-05-22 14:37:00.013  INFO 19682 --- [           main] trationDelegate$BeanPostProcessorChecker : Bean 'hashedCredentialsMatcher' of type [org.apache.shiro.authc.credential.HashedCredentialsMatcher] is not eligible for getting processed by all BeanPostProcessors (for example: not eligible for auto-proxying)
2019-05-22 14:37:00.116  INFO 19682 --- [           main] trationDelegate$BeanPostProcessorChecker : Bean 'mybatis-org.mybatis.spring.boot.autoconfigure.MybatisProperties' of type [org.mybatis.spring.boot.autoconfigure.MybatisProperties] is not eligible for getting processed by all BeanPostProcessors (for example: not eligible for auto-proxying)
2019-05-22 14:37:00.134  INFO 19682 --- [           main] trationDelegate$BeanPostProcessorChecker : Bean 'org.mybatis.spring.boot.autoconfigure.MybatisAutoConfiguration' of type [org.mybatis.spring.boot.autoconfigure.MybatisAutoConfiguration$$EnhancerBySpringCGLIB$$38d266c4] is not eligible for getting processed by all BeanPostProcessors (for example: not eligible for auto-proxying)
2019-05-22 14:37:00.140  INFO 19682 --- [           main] trationDelegate$BeanPostProcessorChecker : Bean 'org.springframework.boot.autoconfigure.jdbc.DataSourceConfiguration$Hikari' of type [org.springframework.boot.autoconfigure.jdbc.DataSourceConfiguration$Hikari] is not eligible for getting processed by all BeanPostProcessors (for example: not eligible for auto-proxying)
2019-05-22 14:37:00.184  INFO 19682 --- [           main] trationDelegate$BeanPostProcessorChecker : Bean 'spring.datasource-org.springframework.boot.autoconfigure.jdbc.DataSourceProperties' of type [org.springframework.boot.autoconfigure.jdbc.DataSourceProperties] is not eligible for getting processed by all BeanPostProcessors (for example: not eligible for auto-proxying)
2019-05-22 14:37:00.242  INFO 19682 --- [           main] trationDelegate$BeanPostProcessorChecker : Bean 'dataSource' of type [com.zaxxer.hikari.HikariDataSource] is not eligible for getting processed by all BeanPostProcessors (for example: not eligible for auto-proxying)
2019-05-22 14:37:00.377  INFO 19682 --- [           main] trationDelegate$BeanPostProcessorChecker : Bean 'sqlSessionFactory' of type [org.apache.ibatis.session.defaults.DefaultSqlSessionFactory] is not eligible for getting processed by all BeanPostProcessors (for example: not eligible for auto-proxying)
2019-05-22 14:37:00.402  INFO 19682 --- [           main] trationDelegate$BeanPostProcessorChecker : Bean 'sqlSessionTemplate' of type [org.mybatis.spring.SqlSessionTemplate] is not eligible for getting processed by all BeanPostProcessors (for example: not eligible for auto-proxying)
2019-05-22 14:37:00.480  INFO 19682 --- [           main] trationDelegate$BeanPostProcessorChecker : Bean 'userMapper' of type [org.mybatis.spring.mapper.MapperFactoryBean] is not eligible for getting processed by all BeanPostProcessors (for example: not eligible for auto-proxying)
2019-05-22 14:37:00.487  INFO 19682 --- [           main] trationDelegate$BeanPostProcessorChecker : Bean 'userMapper' of type [com.sun.proxy.$Proxy58] is not eligible for getting processed by all BeanPostProcessors (for example: not eligible for auto-proxying)
2019-05-22 14:37:00.490  INFO 19682 --- [           main] trationDelegate$BeanPostProcessorChecker : Bean 'userServiceImpl' of type [com.main.server.service.impl.UserServiceImpl] is not eligible for getting processed by all BeanPostProcessors (for example: not eligible for auto-proxying)
2019-05-22 14:37:00.490  INFO 19682 --- [           main] trationDelegate$BeanPostProcessorChecker : Bean 'realm' of type [com.main.server.shiro.UserRealm] is not eligible for getting processed by all BeanPostProcessors (for example: not eligible for auto-proxying)
2019-05-22 14:37:00.500  INFO 19682 --- [           main] trationDelegate$BeanPostProcessorChecker : Bean 'securityManager' of type [org.apache.shiro.web.mgt.DefaultWebSecurityManager] is not eligible for getting processed by all BeanPostProcessors (for example: not eligible for auto-proxying)
ShiroConfiguration.shirFilter()
2019-05-22 14:37:00.601  INFO 19682 --- [           main] trationDelegate$BeanPostProcessorChecker : Bean 'org.springframework.transaction.annotation.ProxyTransactionManagementConfiguration' of type [org.springframework.transaction.annotation.ProxyTransactionManagementConfiguration$$EnhancerBySpringCGLIB$$5fe1594] is not eligible for getting processed by all BeanPostProcessors (for example: not eligible for auto-proxying)
2019-05-22 14:37:01.358  INFO 19682 --- [           main] o.s.b.w.embedded.tomcat.TomcatWebServer  : Tomcat initialized with port(s): 8080 (http)
2019-05-22 14:37:01.435  INFO 19682 --- [           main] o.apache.catalina.core.StandardService   : Starting service [Tomcat]
2019-05-22 14:37:01.436  INFO 19682 --- [           main] org.apache.catalina.core.StandardEngine  : Starting Servlet engine: [Apache Tomcat/9.0.16]
2019-05-22 14:37:01.470  INFO 19682 --- [           main] o.a.catalina.core.AprLifecycleListener   : The APR based Apache Tomcat Native library which allows optimal performance in production environments was not found on the java.library.path: [/usr/java/packages/lib/amd64:/usr/lib64:/lib64:/lib:/usr/lib]
2019-05-22 14:37:01.644  INFO 19682 --- [           main] o.a.c.c.C.[Tomcat].[localhost].[/]       : Initializing Spring embedded WebApplicationContext
2019-05-22 14:37:01.646  INFO 19682 --- [           main] o.s.web.context.ContextLoader            : Root WebApplicationContext: initialization completed in 4623 ms
2019-05-22 14:37:02.511  INFO 19682 --- [           main] o.s.s.concurrent.ThreadPoolTaskExecutor  : Initializing ExecutorService 'applicationTaskExecutor'
2019-05-22 14:37:03.127  INFO 19682 --- [           main] o.s.b.w.embedded.tomcat.TomcatWebServer  : Tomcat started on port(s): 8080 (http) with context path ''
2019-05-22 14:37:03.130  INFO 19682 --- [           main] com.main.server.ServerApplication        : Started ServerApplication in 7.65 seconds (JVM running for 8.492)
2019-05-22 14:37:03.406  INFO 19682 --- [nio-8080-exec-1] o.a.c.c.C.[Tomcat].[localhost].[/]       : Initializing Spring DispatcherServlet 'dispatcherServlet'
2019-05-22 14:37:03.407  INFO 19682 --- [nio-8080-exec-1] o.s.web.servlet.DispatcherServlet        : Initializing Servlet 'dispatcherServlet'
2019-05-22 14:37:03.429  INFO 19682 --- [nio-8080-exec-1] o.s.web.servlet.DispatcherServlet        : Completed initialization in 21 ms
2019-05-22 14:37:03.612  INFO 19682 --- [nio-8080-exec-1] com.zaxxer.hikari.HikariDataSource       : HikariPool-1 - Starting...
2019-05-22 14:37:03.959  INFO 19682 --- [nio-8080-exec-1] com.zaxxer.hikari.HikariDataSource       : HikariPool-1 - Start completed.
org.apache.shiro.web.subject.support.WebDelegatingSubject@5b968b53
2019-05-22 14:40:09.485  INFO 19682 --- [nio-8080-exec-6] com.main.server.shiro.UserRealm          : 验证当前Subject时获取到token为：org.apache.shiro.authc.UsernamePasswordToken - admin, rememberMe=false
1234
2019-05-22 14:40:09.539  INFO 19682 --- [nio-8080-exec-6] c.main.server.controller.UserController  : user login: admin, sessionId: 808BD448F96F1D10C032EBBFEEA2F5E7
登录成功！
org.apache.shiro.web.subject.support.WebDelegatingSubject@2c383b26
2019-05-22 14:47:05.228  INFO 19682 --- [nio-8080-exec-9] com.main.server.shiro.UserRealm          : 验证当前Subject时获取到token为：org.apache.shiro.authc.UsernamePasswordToken - admin, rememberMe=false
1234
2019-05-22 14:47:05.244  INFO 19682 --- [nio-8080-exec-9] c.main.server.controller.UserController  : user login: admin, sessionId: D069C3261AEEE74AFF5737FB3219C5E6
登录成功！
org.apache.shiro.web.subject.support.WebDelegatingSubject@1abb1c9a
2019-05-22 14:49:29.832  INFO 19682 --- [nio-8080-exec-1] com.main.server.shiro.UserRealm          : 验证当前Subject时获取到token为：org.apache.shiro.authc.UsernamePasswordToken - admin, rememberMe=false
1234
2019-05-22 14:49:29.846  INFO 19682 --- [nio-8080-exec-1] c.main.server.controller.UserController  : user login: admin, sessionId: 734BA026F9EE073E2ABB22619E75AD55
登录成功！
org.apache.shiro.web.subject.support.WebDelegatingSubject@5f20de80
2019-05-22 15:37:26.157  INFO 19682 --- [nio-8080-exec-8] com.main.server.shiro.UserRealm          : 验证当前Subject时获取到token为：org.apache.shiro.authc.UsernamePasswordToken - admin, rememberMe=false
1234
2019-05-22 15:37:26.171  INFO 19682 --- [nio-8080-exec-8] c.main.server.controller.UserController  : user login: admin, sessionId: C1EDEA9D9A06636274E9BD80501B0151
登录成功！
org.apache.shiro.web.subject.support.WebDelegatingSubject@7a889c13
2019-05-22 16:22:55.873  INFO 19682 --- [io-8080-exec-10] com.main.server.shiro.UserRealm          : 验证当前Subject时获取到token为：org.apache.shiro.authc.UsernamePasswordToken - admin, rememberMe=false
1234
2019-05-22 16:22:55.889  INFO 19682 --- [io-8080-exec-10] c.main.server.controller.UserController  : user login: admin, sessionId: 3DB18EB7D8B780860C0881B7761435EA
登录成功！
org.apache.shiro.web.subject.support.WebDelegatingSubject@2ed256e0
2019-05-22 16:23:13.365  INFO 19682 --- [nio-8080-exec-1] com.main.server.shiro.UserRealm          : 验证当前Subject时获取到token为：org.apache.shiro.authc.UsernamePasswordToken - admin, rememberMe=false
1234
2019-05-22 16:23:13.378  INFO 19682 --- [nio-8080-exec-1] c.main.server.controller.UserController  : user login: admin, sessionId: 76CAF594287F8513434DEF8C9CEE581F
登录成功！
org.apache.shiro.web.subject.support.WebDelegatingSubject@3810464d
2019-05-22 16:24:01.072  INFO 19682 --- [nio-8080-exec-2] com.main.server.shiro.UserRealm          : 验证当前Subject时获取到token为：org.apache.shiro.authc.UsernamePasswordToken - admin, rememberMe=false
1234
2019-05-22 16:24:01.080  INFO 19682 --- [nio-8080-exec-2] c.main.server.controller.UserController  : user login: admin, sessionId: 67A7C9BDA99A6DEA09AE7F02028F825E
登录成功！
org.apache.shiro.web.subject.support.WebDelegatingSubject@a0ace5a
2019-05-22 16:24:30.020  INFO 19682 --- [nio-8080-exec-3] com.main.server.shiro.UserRealm          : 验证当前Subject时获取到token为：org.apache.shiro.authc.UsernamePasswordToken - admin, rememberMe=false
1234
2019-05-22 16:24:30.032  INFO 19682 --- [nio-8080-exec-3] c.main.server.controller.UserController  : user login: admin, sessionId: 5E812E25EC86D113D530911A7AA7A2B7
登录成功！
org.apache.shiro.web.subject.support.WebDelegatingSubject@7b489d26
2019-05-22 16:25:11.369  INFO 19682 --- [nio-8080-exec-4] com.main.server.shiro.UserRealm          : 验证当前Subject时获取到token为：org.apache.shiro.authc.UsernamePasswordToken - admin, rememberMe=false
1234
2019-05-22 16:25:11.377  INFO 19682 --- [nio-8080-exec-4] c.main.server.controller.UserController  : user login: admin, sessionId: AF6045658C84F8572292993191D2EDC1
登录成功！
org.apache.shiro.web.subject.support.WebDelegatingSubject@571640ae
2019-05-22 16:25:17.249  INFO 19682 --- [nio-8080-exec-5] com.main.server.shiro.UserRealm          : 验证当前Subject时获取到token为：org.apache.shiro.authc.UsernamePasswordToken - admin, rememberMe=false
1234
2019-05-22 16:25:17.258  INFO 19682 --- [nio-8080-exec-5] c.main.server.controller.UserController  : user login: admin, sessionId: 1831956D2857596863BD8B845483770D
登录成功！
org.apache.shiro.web.subject.support.WebDelegatingSubject@7ff8c43d
2019-05-22 16:52:07.438  INFO 19682 --- [nio-8080-exec-1] com.main.server.shiro.UserRealm          : 验证当前Subject时获取到token为：org.apache.shiro.authc.UsernamePasswordToken - admin, rememberMe=false
1234
2019-05-22 16:52:07.447  INFO 19682 --- [nio-8080-exec-1] c.main.server.controller.UserController  : user login: admin, sessionId: 08A8821B319AAAD3755A07B282F18C8A
登录成功！
org.apache.shiro.web.subject.support.WebDelegatingSubject@56c9f940
2019-05-22 16:54:32.037  INFO 19682 --- [nio-8080-exec-3] com.main.server.shiro.UserRealm          : 验证当前Subject时获取到token为：org.apache.shiro.authc.UsernamePasswordToken - admin, rememberMe=false
1234
2019-05-22 16:54:32.048  INFO 19682 --- [nio-8080-exec-3] c.main.server.controller.UserController  : user login: admin, sessionId: C61FBC696C55B09BA530EB6DE3B1B41A
登录成功！
org.apache.shiro.web.subject.support.WebDelegatingSubject@7d9a8e84
2019-05-22 16:55:48.347  INFO 19682 --- [nio-8080-exec-5] com.main.server.shiro.UserRealm          : 验证当前Subject时获取到token为：org.apache.shiro.authc.UsernamePasswordToken - admin, rememberMe=false
1234
2019-05-22 16:55:48.357  INFO 19682 --- [nio-8080-exec-5] c.main.server.controller.UserController  : user login: admin, sessionId: 279DAFB93CCF5D25D425C61EB16FE4BD
登录成功！
org.apache.shiro.web.subject.support.WebDelegatingSubject@3bf78c5e
2019-05-22 16:58:21.601  INFO 19682 --- [nio-8080-exec-7] com.main.server.shiro.UserRealm          : 验证当前Subject时获取到token为：org.apache.shiro.authc.UsernamePasswordToken - admin, rememberMe=false
1234
2019-05-22 16:58:21.612  INFO 19682 --- [nio-8080-exec-7] c.main.server.controller.UserController  : user login: admin, sessionId: 4FC09D70DC133BDF29C5DBCC5D806E86
登录成功！
org.apache.shiro.web.subject.support.WebDelegatingSubject@3c847c21
2019-05-22 16:58:36.452  INFO 19682 --- [nio-8080-exec-8] com.main.server.shiro.UserRealm          : 验证当前Subject时获取到token为：org.apache.shiro.authc.UsernamePasswordToken - admin, rememberMe=false
1234
2019-05-22 16:58:36.460  INFO 19682 --- [nio-8080-exec-8] c.main.server.controller.UserController  : user login: admin, sessionId: 0C4C5F40382FC31A6BF26E1AD9DD56C1
登录成功！
org.apache.shiro.web.subject.support.WebDelegatingSubject@40d471b
2019-05-22 17:06:59.837  INFO 19682 --- [io-8080-exec-10] com.main.server.shiro.UserRealm          : 验证当前Subject时获取到token为：org.apache.shiro.authc.UsernamePasswordToken - admin, rememberMe=false
1234
2019-05-22 17:06:59.852  INFO 19682 --- [io-8080-exec-10] c.main.server.controller.UserController  : user login: admin, sessionId: 11CA2C33E9A1D3FA1C1FDA9A2F11A84D
登录成功！
org.apache.shiro.web.subject.support.WebDelegatingSubject@4d72a79a
2019-05-22 21:19:12.109  INFO 19682 --- [nio-8080-exec-2] com.main.server.shiro.UserRealm          : 验证当前Subject时获取到token为：org.apache.shiro.authc.UsernamePasswordToken - admin, rememberMe=false
1234
2019-05-22 21:19:12.124  INFO 19682 --- [nio-8080-exec-2] c.main.server.controller.UserController  : user login: admin, sessionId: F2199EB314AC93230384C6C4C6F9A7C9
登录成功！
org.apache.shiro.web.subject.support.WebDelegatingSubject@1d93ccd6
2019-05-22 21:33:27.136  INFO 19682 --- [nio-8080-exec-6] com.main.server.shiro.UserRealm          : 验证当前Subject时获取到token为：org.apache.shiro.authc.UsernamePasswordToken - admin, rememberMe=false
1234
2019-05-22 21:33:27.146  INFO 19682 --- [nio-8080-exec-6] c.main.server.controller.UserController  : user login: admin, sessionId: 48630F0E8C94297311707657064AE12E
登录成功！
org.apache.shiro.web.subject.support.WebDelegatingSubject@7e97df14
2019-05-22 22:00:53.100  INFO 19682 --- [nio-8080-exec-1] com.main.server.shiro.UserRealm          : 验证当前Subject时获取到token为：org.apache.shiro.authc.UsernamePasswordToken - admin, rememberMe=false
1234
2019-05-22 22:00:53.108  INFO 19682 --- [nio-8080-exec-1] c.main.server.controller.UserController  : user login: admin, sessionId: 95987C260F65366D7A5D1F878AB09FFD
登录成功！
org.apache.shiro.web.subject.support.WebDelegatingSubject@6bae0bbc
2019-05-22 22:00:58.225  INFO 19682 --- [nio-8080-exec-3] com.main.server.shiro.UserRealm          : 验证当前Subject时获取到token为：org.apache.shiro.authc.UsernamePasswordToken - admin, rememberMe=false
1234
2019-05-22 22:00:58.233  INFO 19682 --- [nio-8080-exec-3] c.main.server.controller.UserController  : user login: admin, sessionId: 8A4A7E17E1C1D0B191305DD668E23853
登录成功！
org.apache.shiro.web.subject.support.WebDelegatingSubject@33e30d01
2019-05-22 23:35:57.664  INFO 19682 --- [nio-8080-exec-3] com.main.server.shiro.UserRealm          : 验证当前Subject时获取到token为：org.apache.shiro.authc.UsernamePasswordToken - admin, rememberMe=false
1234
2019-05-22 23:35:57.681  INFO 19682 --- [nio-8080-exec-3] c.main.server.controller.UserController  : user login: admin, sessionId: 861FF234AE62396251CDB94FFED4DE7A
登录成功！
2019-05-23 01:36:41.236  INFO 19682 --- [nio-8080-exec-6] o.apache.coyote.http11.Http11Processor   : Error parsing HTTP request header
 Note: further occurrences of HTTP request parsing errors will be logged at DEBUG level.

java.lang.IllegalArgumentException: Invalid character found in method name. HTTP method names must be tokens
	at org.apache.coyote.http11.Http11InputBuffer.parseRequestLine(Http11InputBuffer.java:414) ~[tomcat-embed-core-9.0.16.jar!/:9.0.16]
	at org.apache.coyote.http11.Http11Processor.service(Http11Processor.java:294) ~[tomcat-embed-core-9.0.16.jar!/:9.0.16]
	at org.apache.coyote.AbstractProcessorLight.process(AbstractProcessorLight.java:66) [tomcat-embed-core-9.0.16.jar!/:9.0.16]
	at org.apache.coyote.AbstractProtocol$ConnectionHandler.process(AbstractProtocol.java:834) [tomcat-embed-core-9.0.16.jar!/:9.0.16]
	at org.apache.tomcat.util.net.NioEndpoint$SocketProcessor.doRun(NioEndpoint.java:1415) [tomcat-embed-core-9.0.16.jar!/:9.0.16]
	at org.apache.tomcat.util.net.SocketProcessorBase.run(SocketProcessorBase.java:49) [tomcat-embed-core-9.0.16.jar!/:9.0.16]
	at java.util.concurrent.ThreadPoolExecutor.runWorker(ThreadPoolExecutor.java:1149) [na:1.8.0_211]
	at java.util.concurrent.ThreadPoolExecutor$Worker.run(ThreadPoolExecutor.java:624) [na:1.8.0_211]
	at org.apache.tomcat.util.threads.TaskThread$WrappingRunnable.run(TaskThread.java:61) [tomcat-embed-core-9.0.16.jar!/:9.0.16]
	at java.lang.Thread.run(Thread.java:748) [na:1.8.0_211]

org.apache.shiro.web.subject.support.WebDelegatingSubject@1e2686af
2019-05-23 16:06:21.364  INFO 19682 --- [nio-8080-exec-5] com.main.server.shiro.UserRealm          : 验证当前Subject时获取到token为：org.apache.shiro.authc.UsernamePasswordToken - admin, rememberMe=false
1234
2019-05-23 16:06:21.374  INFO 19682 --- [nio-8080-exec-5] c.main.server.controller.UserController  : user login: admin, sessionId: E68E692C6F23007070B1C4C28B7392B3
登录成功！
org.apache.shiro.web.subject.support.WebDelegatingSubject@4e5fce21
2019-05-23 17:11:02.596  INFO 19682 --- [nio-8080-exec-1] com.main.server.shiro.UserRealm          : 验证当前Subject时获取到token为：org.apache.shiro.authc.UsernamePasswordToken - admin, rememberMe=false
1234
2019-05-23 17:11:02.607  INFO 19682 --- [nio-8080-exec-1] c.main.server.controller.UserController  : user login: admin, sessionId: 4F337ADE58F2B167E1FC4BE27F479C4D
登录成功！
org.apache.shiro.web.subject.support.WebDelegatingSubject@265839c4
2019-05-23 17:28:47.580  INFO 19682 --- [nio-8080-exec-3] com.main.server.shiro.UserRealm          : 验证当前Subject时获取到token为：org.apache.shiro.authc.UsernamePasswordToken - admin, rememberMe=false
1234
2019-05-23 17:28:47.592  INFO 19682 --- [nio-8080-exec-3] c.main.server.controller.UserController  : user login: admin, sessionId: BAB4FF32D9845C0165685FF924CC1EDA
登录成功！
org.apache.shiro.web.subject.support.WebDelegatingSubject@25be25e4
2019-05-23 20:14:25.306  INFO 19682 --- [nio-8080-exec-3] com.main.server.shiro.UserRealm          : 验证当前Subject时获取到token为：org.apache.shiro.authc.UsernamePasswordToken - admin, rememberMe=false
1234
2019-05-23 20:14:25.316  INFO 19682 --- [nio-8080-exec-3] c.main.server.controller.UserController  : user login: admin, sessionId: 1B62480462AC13FA75D26C8B1B2041D2
登录成功！
org.apache.shiro.web.subject.support.WebDelegatingSubject@6eacee4a
2019-05-23 21:15:41.920  INFO 19682 --- [io-8080-exec-10] com.main.server.shiro.UserRealm          : 验证当前Subject时获取到token为：org.apache.shiro.authc.UsernamePasswordToken - admin, rememberMe=false
1234
2019-05-23 21:15:41.929  INFO 19682 --- [io-8080-exec-10] c.main.server.controller.UserController  : user login: admin, sessionId: CE9C6483F57CD7DA01CDACE2D8CA22F3
登录成功！
[{"time":"20190524122503","deviceId":"000101K9","voltage":100,"RSSI":-61,"sensors":[{"sensorId":"0000000000000003-1","temperature":38.2},{"sensorId":"0000000000000003-2","humidity":26.95},{"sensorId":"0000000000000003-3","air_pressure":104200},{"sensorId":"0000000000000004-1","illumination":0}]}]
[{"RSSI":-61,"sensors":[{"temperature":38.2,"sensorId":"0000000000000003-1"},{"humidity":26.95,"sensorId":"0000000000000003-2"},{"air_pressure":104200,"sensorId":"0000000000000003-3"},{"illumination":0,"sensorId":"0000000000000004-1"}],"time":"20190524122503","deviceId":"000101K9","voltage":100}]
{"RSSI":-61,"sensors":[{"temperature":38.2,"sensorId":"0000000000000003-1"},{"humidity":26.95,"sensorId":"0000000000000003-2"},{"air_pressure":104200,"sensorId":"0000000000000003-3"},{"illumination":0,"sensorId":"0000000000000004-1"}],"time":"20190524122503","deviceId":"000101K9","voltage":100}
deviceId:000101K9
time:20190524122503
null
000101K9
20190524122503
[{"time":"20190524122524","deviceId":"000101K9","voltage":100,"RSSI":-49,"sensors":[{"sensorId":"0000000000000003-1","temperature":38.67},{"sensorId":"0000000000000003-2","humidity":27.28},{"sensorId":"0000000000000003-3","air_pressure":104389},{"sensorId":"0000000000000004-1","illumination":0}]}]
[{"RSSI":-49,"sensors":[{"temperature":38.67,"sensorId":"0000000000000003-1"},{"humidity":27.28,"sensorId":"0000000000000003-2"},{"air_pressure":104389,"sensorId":"0000000000000003-3"},{"illumination":0,"sensorId":"0000000000000004-1"}],"time":"20190524122524","deviceId":"000101K9","voltage":100}]
{"RSSI":-49,"sensors":[{"temperature":38.67,"sensorId":"0000000000000003-1"},{"humidity":27.28,"sensorId":"0000000000000003-2"},{"air_pressure":104389,"sensorId":"0000000000000003-3"},{"illumination":0,"sensorId":"0000000000000004-1"}],"time":"20190524122524","deviceId":"000101K9","voltage":100}
deviceId:000101K9
time:20190524122524
null
000101K9
20190524122524
org.apache.shiro.web.subject.support.WebDelegatingSubject@6ebf4350
2019-05-24 12:26:24.308  INFO 19682 --- [nio-8080-exec-8] com.main.server.shiro.UserRealm          : 验证当前Subject时获取到token为：org.apache.shiro.authc.UsernamePasswordToken - admin, rememberMe=false
1234
2019-05-24 12:26:24.317  INFO 19682 --- [nio-8080-exec-8] c.main.server.controller.UserController  : user login: admin, sessionId: 4EC022F8C8AF16AFA0C8239E4330EAFB
登录成功！
[{"time":"20190524123419","deviceId":"000101K9","voltage":100,"RSSI":-53,"sensors":[{"sensorId":"0000000000000003-1","temperature":33.27},{"sensorId":"0000000000000003-2","humidity":27.62},{"sensorId":"0000000000000003-3","air_pressure":102101},{"sensorId":"0000000000000004-1","illumination":35.08}]}]
[{"RSSI":-53,"sensors":[{"temperature":33.27,"sensorId":"0000000000000003-1"},{"humidity":27.62,"sensorId":"0000000000000003-2"},{"air_pressure":102101,"sensorId":"0000000000000003-3"},{"illumination":35.08,"sensorId":"0000000000000004-1"}],"time":"20190524123419","deviceId":"000101K9","voltage":100}]
{"RSSI":-53,"sensors":[{"temperature":33.27,"sensorId":"0000000000000003-1"},{"humidity":27.62,"sensorId":"0000000000000003-2"},{"air_pressure":102101,"sensorId":"0000000000000003-3"},{"illumination":35.08,"sensorId":"0000000000000004-1"}],"time":"20190524123419","deviceId":"000101K9","voltage":100}
deviceId:000101K9
time:20190524123419
null
000101K9
20190524123419
